Sun Mar 25 09:19:31 EEST 2012  [debug] AvalonLogSystem initialized using logfile 'D:\javaIleriOcak\struts\workspace_struts\.metadata\.plugins\com.genuitec.eclipse.templates\velocity.log'
Sun Mar 25 09:19:31 EEST 2012   [info] ************************************************************** 
Sun Mar 25 09:19:31 EEST 2012   [info] Starting Jakarta Velocity v1.4
Sun Mar 25 09:19:31 EEST 2012   [info] RuntimeInstance initializing.
Sun Mar 25 09:19:31 EEST 2012   [info] Default Properties File: org\apache\velocity\runtime\defaults\velocity.properties
Sun Mar 25 09:19:31 EEST 2012   [info] Trying to use logger class org.apache.velocity.runtime.log.AvalonLogSystem
Sun Mar 25 09:19:31 EEST 2012   [info] Using logger class org.apache.velocity.runtime.log.AvalonLogSystem
Sun Mar 25 09:19:31 EEST 2012   [info] Default ResourceManager initializing. (class org.apache.velocity.runtime.resource.ResourceManagerImpl)
Sun Mar 25 09:19:31 EEST 2012   [info] Resource Loader Instantiated: com.genuitec.eclipse.templates.internal.PluginResourceLoader
Sun Mar 25 09:19:31 EEST 2012   [info] ResourceCache : initialized. (class org.apache.velocity.runtime.resource.ResourceCacheImpl)
Sun Mar 25 09:19:31 EEST 2012   [info] Default ResourceManager initialization complete.
Sun Mar 25 09:19:31 EEST 2012   [info] Loaded System Directive: org.apache.velocity.runtime.directive.Literal
Sun Mar 25 09:19:31 EEST 2012   [info] Loaded System Directive: org.apache.velocity.runtime.directive.Macro
Sun Mar 25 09:19:31 EEST 2012   [info] Loaded System Directive: org.apache.velocity.runtime.directive.Parse
Sun Mar 25 09:19:31 EEST 2012   [info] Loaded System Directive: org.apache.velocity.runtime.directive.Include
Sun Mar 25 09:19:31 EEST 2012   [info] Loaded System Directive: org.apache.velocity.runtime.directive.Foreach
Sun Mar 25 09:19:32 EEST 2012   [info] Created: 20 parsers.
Sun Mar 25 09:19:32 EEST 2012   [info] Velocimacro : initialization starting.
Sun Mar 25 09:19:32 EEST 2012   [info] Velocimacro : adding VMs from VM library template : VM_global_library.vm
Sun Mar 25 09:19:32 EEST 2012  [error] ResourceManager : unable to find resource 'VM_global_library.vm' in any resource loader.
Sun Mar 25 09:19:32 EEST 2012   [info] Velocimacro : error using  VM library template VM_global_library.vm : org.apache.velocity.exception.ResourceNotFoundException: Unable to find resource 'VM_global_library.vm'
Sun Mar 25 09:19:32 EEST 2012   [info] Velocimacro :  VM library template macro registration complete.
Sun Mar 25 09:19:32 EEST 2012   [info] Velocimacro : allowInline = true : VMs can be defined inline in templates
Sun Mar 25 09:19:32 EEST 2012   [info] Velocimacro : allowInlineToOverride = true : VMs defined inline may replace previous VM definitions
Sun Mar 25 09:19:32 EEST 2012   [info] Velocimacro : allowInlineLocal = true : VMs defined inline will be local to their defining template only.
Sun Mar 25 09:19:32 EEST 2012   [info] Velocimacro : messages on  : VM system will output logging messages
Sun Mar 25 09:19:32 EEST 2012   [info] Velocimacro : autoload off  : VM system will not automatically reload global library macros
Sun Mar 25 09:19:32 EEST 2012   [info] Velocimacro : initialization complete.
Sun Mar 25 09:19:32 EEST 2012   [info] Velocity successfully started.
Sun Mar 25 09:19:32 EEST 2012   [info] ResourceManager : found templates/web.xml.vm with loader com.genuitec.eclipse.templates.internal.PluginResourceLoader
Sun Mar 25 09:19:32 EEST 2012   [info] ResourceManager : found /templates/velocity/welcome/Jsp.vtl with loader com.genuitec.eclipse.templates.internal.PluginResourceLoader
Sun Mar 25 09:51:28 EEST 2012   [info] Velocimacro : added new VM : #fields( fields ) : source = templates/java/JavaClass.vtl
Sun Mar 25 09:51:28 EEST 2012   [info] Velocimacro : added new VM : #parameters( parameters ) : source = templates/java/JavaClass.vtl
Sun Mar 25 09:51:28 EEST 2012   [info] Velocimacro : added new VM : #exceptions( exceptions ) : source = templates/java/JavaClass.vtl
Sun Mar 25 09:51:28 EEST 2012   [info] Velocimacro : added new VM : #methods( methods ) : source = templates/java/JavaClass.vtl
Sun Mar 25 09:51:28 EEST 2012   [info] Velocimacro : added new VM : #implements( interfaces ) : source = templates/java/JavaClass.vtl
Sun Mar 25 09:51:28 EEST 2012   [info] ResourceManager : found templates/java/JavaClass.vtl with loader com.genuitec.eclipse.templates.internal.PluginResourceLoader
Sun Mar 25 09:51:28 EEST 2012  [error] Left side ($error) of '!=' operation has null value. Operation not possible. templates/java/JavaClass.vtl [line 60, column 15]
Sun Mar 25 09:51:28 EEST 2012  [error] Left side ($intefaces.size) of '>' operation has null value. Operation not possible. templates/java/JavaClass.vtl [line 1, column 23]
Sun Mar 25 09:51:28 EEST 2012  [error] Left side ($field.getInitializer()) of '!=' operation has null value. Operation not possible. templates/java/JavaClass.vtl [line 3, column 86]
Sun Mar 25 09:51:29 EEST 2012   [info] Velocimacro : added new VM : #attributes( attributes ) : source = templates/jsp/JspForm.vtl
Sun Mar 25 09:51:29 EEST 2012   [info] ResourceManager : found templates/jsp/JspForm.vtl with loader com.genuitec.eclipse.templates.internal.PluginResourceLoader
Sun Mar 25 09:51:29 EEST 2012   [info] Velocimacro : added new VM : #fields( fields ) : source = templates/java/JavaClass.vtl
Sun Mar 25 09:51:29 EEST 2012   [info] Velocimacro : added new VM : #parameters( parameters ) : source = templates/java/JavaClass.vtl
Sun Mar 25 09:51:29 EEST 2012   [info] Velocimacro : added new VM : #exceptions( exceptions ) : source = templates/java/JavaClass.vtl
Sun Mar 25 09:51:29 EEST 2012   [info] Velocimacro : added new VM : #methods( methods ) : source = templates/java/JavaClass.vtl
Sun Mar 25 09:51:29 EEST 2012   [info] Velocimacro : added new VM : #implements( interfaces ) : source = templates/java/JavaClass.vtl
Sun Mar 25 09:51:29 EEST 2012   [info] ResourceManager : found templates/java/JavaClass.vtl with loader com.genuitec.eclipse.templates.internal.PluginResourceLoader
Sun Mar 25 09:51:29 EEST 2012  [error] Left side ($error) of '!=' operation has null value. Operation not possible. templates/java/JavaClass.vtl [line 60, column 15]
Sun Mar 25 09:51:29 EEST 2012  [error] Left side ($intefaces.size) of '>' operation has null value. Operation not possible. templates/java/JavaClass.vtl [line 1, column 23]
Sun Mar 25 09:59:14 EEST 2012   [info] Velocimacro : added new VM : #fields( fields ) : source = templates/java/JavaClass.vtl
Sun Mar 25 09:59:14 EEST 2012   [info] Velocimacro : added new VM : #parameters( parameters ) : source = templates/java/JavaClass.vtl
Sun Mar 25 09:59:14 EEST 2012   [info] Velocimacro : added new VM : #exceptions( exceptions ) : source = templates/java/JavaClass.vtl
Sun Mar 25 09:59:14 EEST 2012   [info] Velocimacro : added new VM : #methods( methods ) : source = templates/java/JavaClass.vtl
Sun Mar 25 09:59:14 EEST 2012   [info] Velocimacro : added new VM : #implements( interfaces ) : source = templates/java/JavaClass.vtl
Sun Mar 25 09:59:14 EEST 2012   [info] ResourceManager : found templates/java/JavaClass.vtl with loader com.genuitec.eclipse.templates.internal.PluginResourceLoader
Sun Mar 25 09:59:14 EEST 2012  [error] Left side ($error) of '!=' operation has null value. Operation not possible. templates/java/JavaClass.vtl [line 60, column 15]
Sun Mar 25 09:59:14 EEST 2012  [error] Left side ($intefaces.size) of '>' operation has null value. Operation not possible. templates/java/JavaClass.vtl [line 1, column 23]
Sun Mar 25 10:02:36 EEST 2012   [info] Velocimacro : added new VM : #fields( fields ) : source = templates/java/JavaClass.vtl
Sun Mar 25 10:02:36 EEST 2012   [info] Velocimacro : added new VM : #parameters( parameters ) : source = templates/java/JavaClass.vtl
Sun Mar 25 10:02:36 EEST 2012   [info] Velocimacro : added new VM : #exceptions( exceptions ) : source = templates/java/JavaClass.vtl
Sun Mar 25 10:02:36 EEST 2012   [info] Velocimacro : added new VM : #methods( methods ) : source = templates/java/JavaClass.vtl
Sun Mar 25 10:02:36 EEST 2012   [info] Velocimacro : added new VM : #implements( interfaces ) : source = templates/java/JavaClass.vtl
Sun Mar 25 10:02:36 EEST 2012   [info] ResourceManager : found templates/java/JavaClass.vtl with loader com.genuitec.eclipse.templates.internal.PluginResourceLoader
Sun Mar 25 10:02:36 EEST 2012  [error] Left side ($error) of '!=' operation has null value. Operation not possible. templates/java/JavaClass.vtl [line 60, column 15]
Sun Mar 25 10:02:36 EEST 2012  [error] Left side ($intefaces.size) of '>' operation has null value. Operation not possible. templates/java/JavaClass.vtl [line 1, column 23]
Sun Mar 25 11:15:46 EEST 2012   [info] ResourceManager : found templates/web.xml.vm with loader com.genuitec.eclipse.templates.internal.PluginResourceLoader
Sun Mar 25 11:15:46 EEST 2012   [info] ResourceManager : found /templates/velocity/welcome/Jsp.vtl with loader com.genuitec.eclipse.templates.internal.PluginResourceLoader
Sun Mar 25 11:16:54 EEST 2012   [info] Velocimacro : added new VM : #fields( fields ) : source = templates/java/JavaClass.vtl
Sun Mar 25 11:16:54 EEST 2012   [info] Velocimacro : added new VM : #parameters( parameters ) : source = templates/java/JavaClass.vtl
Sun Mar 25 11:16:54 EEST 2012   [info] Velocimacro : added new VM : #exceptions( exceptions ) : source = templates/java/JavaClass.vtl
Sun Mar 25 11:16:54 EEST 2012   [info] Velocimacro : added new VM : #methods( methods ) : source = templates/java/JavaClass.vtl
Sun Mar 25 11:16:54 EEST 2012   [info] Velocimacro : added new VM : #implements( interfaces ) : source = templates/java/JavaClass.vtl
Sun Mar 25 11:16:54 EEST 2012   [info] ResourceManager : found templates/java/JavaClass.vtl with loader com.genuitec.eclipse.templates.internal.PluginResourceLoader
Sun Mar 25 11:16:54 EEST 2012  [error] Left side ($error) of '!=' operation has null value. Operation not possible. templates/java/JavaClass.vtl [line 60, column 15]
Sun Mar 25 11:16:54 EEST 2012  [error] Left side ($intefaces.size) of '>' operation has null value. Operation not possible. templates/java/JavaClass.vtl [line 1, column 23]
Sun Mar 25 11:16:54 EEST 2012  [error] Left side ($field.getInitializer()) of '!=' operation has null value. Operation not possible. templates/java/JavaClass.vtl [line 3, column 86]
Sun Mar 25 11:16:54 EEST 2012  [error] Left side ($field.getInitializer()) of '!=' operation has null value. Operation not possible. templates/java/JavaClass.vtl [line 3, column 86]
Sun Mar 25 11:16:54 EEST 2012   [info] Velocimacro : added new VM : #attributes( attributes ) : source = templates/jsp/JspForm.vtl
Sun Mar 25 11:16:54 EEST 2012   [info] ResourceManager : found templates/jsp/JspForm.vtl with loader com.genuitec.eclipse.templates.internal.PluginResourceLoader
Sun Mar 25 11:16:54 EEST 2012   [info] Velocimacro : added new VM : #fields( fields ) : source = templates/java/JavaClass.vtl
Sun Mar 25 11:16:54 EEST 2012   [info] Velocimacro : added new VM : #parameters( parameters ) : source = templates/java/JavaClass.vtl
Sun Mar 25 11:16:54 EEST 2012   [info] Velocimacro : added new VM : #exceptions( exceptions ) : source = templates/java/JavaClass.vtl
Sun Mar 25 11:16:54 EEST 2012   [info] Velocimacro : added new VM : #methods( methods ) : source = templates/java/JavaClass.vtl
Sun Mar 25 11:16:54 EEST 2012   [info] Velocimacro : added new VM : #implements( interfaces ) : source = templates/java/JavaClass.vtl
Sun Mar 25 11:16:54 EEST 2012   [info] ResourceManager : found templates/java/JavaClass.vtl with loader com.genuitec.eclipse.templates.internal.PluginResourceLoader
Sun Mar 25 11:16:54 EEST 2012  [error] Left side ($error) of '!=' operation has null value. Operation not possible. templates/java/JavaClass.vtl [line 60, column 15]
Sun Mar 25 11:16:54 EEST 2012  [error] Left side ($intefaces.size) of '>' operation has null value. Operation not possible. templates/java/JavaClass.vtl [line 1, column 23]
Sun Mar 25 11:17:12 EEST 2012   [info] ResourceManager : found templates/jsp/Struts-1.1.vtl with loader com.genuitec.eclipse.templates.internal.PluginResourceLoader
Sun Mar 25 11:17:12 EEST 2012   [info] ResourceManager : found templates/jsp/JSPMetaTags.vtl with loader com.genuitec.eclipse.templates.internal.PluginResourceLoader
Sun Mar 25 11:42:53 EEST 2012   [info] ResourceManager : found templates/web.xml.vm with loader com.genuitec.eclipse.templates.internal.PluginResourceLoader
Sun Mar 25 11:42:53 EEST 2012   [info] ResourceManager : found /templates/velocity/welcome/Jsp.vtl with loader com.genuitec.eclipse.templates.internal.PluginResourceLoader
Sun Mar 25 11:47:48 EEST 2012   [info] ResourceManager : found templates/xml/Xml.vtl with loader com.genuitec.eclipse.templates.internal.PluginResourceLoader
Sun Mar 25 11:53:45 EEST 2012   [info] Velocimacro : added new VM : #fields( fields ) : source = templates/java/JavaClass.vtl
Sun Mar 25 11:53:45 EEST 2012   [info] Velocimacro : added new VM : #parameters( parameters ) : source = templates/java/JavaClass.vtl
Sun Mar 25 11:53:45 EEST 2012   [info] Velocimacro : added new VM : #exceptions( exceptions ) : source = templates/java/JavaClass.vtl
Sun Mar 25 11:53:45 EEST 2012   [info] Velocimacro : added new VM : #methods( methods ) : source = templates/java/JavaClass.vtl
Sun Mar 25 11:53:45 EEST 2012   [info] Velocimacro : added new VM : #implements( interfaces ) : source = templates/java/JavaClass.vtl
Sun Mar 25 11:53:45 EEST 2012   [info] ResourceManager : found templates/java/JavaClass.vtl with loader com.genuitec.eclipse.templates.internal.PluginResourceLoader
Sun Mar 25 11:53:45 EEST 2012  [error] Left side ($error) of '!=' operation has null value. Operation not possible. templates/java/JavaClass.vtl [line 60, column 15]
Sun Mar 25 11:53:45 EEST 2012  [error] Left side ($intefaces.size) of '>' operation has null value. Operation not possible. templates/java/JavaClass.vtl [line 1, column 23]
Sun Mar 25 11:53:45 EEST 2012  [error] Left side ($field.getInitializer()) of '!=' operation has null value. Operation not possible. templates/java/JavaClass.vtl [line 3, column 86]
Sun Mar 25 11:53:45 EEST 2012  [error] Left side ($field.getInitializer()) of '!=' operation has null value. Operation not possible. templates/java/JavaClass.vtl [line 3, column 86]
Sun Mar 25 11:53:45 EEST 2012  [error] Left side ($field.getInitializer()) of '!=' operation has null value. Operation not possible. templates/java/JavaClass.vtl [line 3, column 86]
Sun Mar 25 11:53:45 EEST 2012   [info] Velocimacro : added new VM : #attributes( attributes ) : source = templates/jsp/JspForm.vtl
Sun Mar 25 11:53:45 EEST 2012   [info] ResourceManager : found templates/jsp/JspForm.vtl with loader com.genuitec.eclipse.templates.internal.PluginResourceLoader
Sun Mar 25 11:53:45 EEST 2012   [info] Velocimacro : added new VM : #fields( fields ) : source = templates/java/JavaClass.vtl
Sun Mar 25 11:53:45 EEST 2012   [info] Velocimacro : added new VM : #parameters( parameters ) : source = templates/java/JavaClass.vtl
Sun Mar 25 11:53:45 EEST 2012   [info] Velocimacro : added new VM : #exceptions( exceptions ) : source = templates/java/JavaClass.vtl
Sun Mar 25 11:53:45 EEST 2012   [info] Velocimacro : added new VM : #methods( methods ) : source = templates/java/JavaClass.vtl
Sun Mar 25 11:53:45 EEST 2012   [info] Velocimacro : added new VM : #implements( interfaces ) : source = templates/java/JavaClass.vtl
Sun Mar 25 11:53:45 EEST 2012   [info] ResourceManager : found templates/java/JavaClass.vtl with loader com.genuitec.eclipse.templates.internal.PluginResourceLoader
Sun Mar 25 11:53:45 EEST 2012  [error] Left side ($error) of '!=' operation has null value. Operation not possible. templates/java/JavaClass.vtl [line 60, column 15]
Sun Mar 25 11:53:45 EEST 2012  [error] Left side ($intefaces.size) of '>' operation has null value. Operation not possible. templates/java/JavaClass.vtl [line 1, column 23]
