Sun Feb 09 09:14:41 EET 2014  [debug] AvalonLogSystem initialized using logfile 'D:\ileriJavaKasim2013\workspace_hiber\.metadata\.plugins\com.genuitec.eclipse.templates\velocity.log'
Sun Feb 09 09:14:41 EET 2014   [info] ************************************************************** 
Sun Feb 09 09:14:41 EET 2014   [info] Starting Jakarta Velocity v1.4
Sun Feb 09 09:14:41 EET 2014   [info] RuntimeInstance initializing.
Sun Feb 09 09:14:41 EET 2014   [info] Default Properties File: org\apache\velocity\runtime\defaults\velocity.properties
Sun Feb 09 09:14:41 EET 2014   [info] Trying to use logger class org.apache.velocity.runtime.log.AvalonLogSystem
Sun Feb 09 09:14:41 EET 2014   [info] Using logger class org.apache.velocity.runtime.log.AvalonLogSystem
Sun Feb 09 09:14:41 EET 2014   [info] Default ResourceManager initializing. (class org.apache.velocity.runtime.resource.ResourceManagerImpl)
Sun Feb 09 09:14:41 EET 2014   [info] Resource Loader Instantiated: com.genuitec.eclipse.templates.internal.PluginResourceLoader
Sun Feb 09 09:14:41 EET 2014   [info] ResourceCache : initialized. (class org.apache.velocity.runtime.resource.ResourceCacheImpl)
Sun Feb 09 09:14:41 EET 2014   [info] Default ResourceManager initialization complete.
Sun Feb 09 09:14:41 EET 2014   [info] Loaded System Directive: org.apache.velocity.runtime.directive.Literal
Sun Feb 09 09:14:41 EET 2014   [info] Loaded System Directive: org.apache.velocity.runtime.directive.Macro
Sun Feb 09 09:14:41 EET 2014   [info] Loaded System Directive: org.apache.velocity.runtime.directive.Parse
Sun Feb 09 09:14:41 EET 2014   [info] Loaded System Directive: org.apache.velocity.runtime.directive.Include
Sun Feb 09 09:14:41 EET 2014   [info] Loaded System Directive: org.apache.velocity.runtime.directive.Foreach
Sun Feb 09 09:14:41 EET 2014   [info] Created: 20 parsers.
Sun Feb 09 09:14:41 EET 2014   [info] Velocimacro : initialization starting.
Sun Feb 09 09:14:41 EET 2014   [info] Velocimacro : adding VMs from VM library template : VM_global_library.vm
Sun Feb 09 09:14:41 EET 2014   [info] ResourceManager : found VM_global_library.vm with loader com.genuitec.eclipse.templates.internal.PluginResourceLoader
Sun Feb 09 09:14:41 EET 2014   [info] Velocimacro :  VM library template macro registration complete.
Sun Feb 09 09:14:41 EET 2014   [info] Velocimacro : allowInline = true : VMs can be defined inline in templates
Sun Feb 09 09:14:41 EET 2014   [info] Velocimacro : allowInlineToOverride = true : VMs defined inline may replace previous VM definitions
Sun Feb 09 09:14:41 EET 2014   [info] Velocimacro : allowInlineLocal = true : VMs defined inline will be local to their defining template only.
Sun Feb 09 09:14:41 EET 2014   [info] Velocimacro : messages on  : VM system will output logging messages
Sun Feb 09 09:14:41 EET 2014   [info] Velocimacro : autoload off  : VM system will not automatically reload global library macros
Sun Feb 09 09:14:41 EET 2014   [info] Velocimacro : initialization complete.
Sun Feb 09 09:14:41 EET 2014   [info] Velocity successfully started.
Sun Feb 09 09:14:42 EET 2014   [info] ResourceManager : found templates/web.xml.vm with loader com.genuitec.eclipse.templates.internal.PluginResourceLoader
Sun Feb 09 09:14:57 EET 2014   [info] ResourceManager : found /templates/velocity/welcome/Jsp.vtl with loader com.genuitec.eclipse.templates.internal.PluginResourceLoader
Sun Feb 09 09:22:09 EET 2014   [info] ResourceManager : found data/2.1/struts.xml.vtl with loader com.genuitec.eclipse.templates.internal.PluginResourceLoader
Sun Feb 09 09:29:11 EET 2014   [info] ResourceManager : found templates/jsp/Jsp.vtl with loader com.genuitec.eclipse.templates.internal.PluginResourceLoader
Sun Feb 09 09:29:11 EET 2014   [info] ResourceManager : found templates/jsp/JSPMetaTags.vtl with loader com.genuitec.eclipse.templates.internal.PluginResourceLoader
