Sat Mar 08 09:06:13 EET 2014  [debug] AvalonLogSystem initialized using logfile 'D:\ileriJavaKasim2013\workspace_ws\.metadata\.plugins\com.genuitec.eclipse.templates\velocity.log'
Sat Mar 08 09:06:13 EET 2014   [info] ************************************************************** 
Sat Mar 08 09:06:13 EET 2014   [info] Starting Jakarta Velocity v1.4
Sat Mar 08 09:06:13 EET 2014   [info] RuntimeInstance initializing.
Sat Mar 08 09:06:13 EET 2014   [info] Default Properties File: org\apache\velocity\runtime\defaults\velocity.properties
Sat Mar 08 09:06:13 EET 2014   [info] Trying to use logger class org.apache.velocity.runtime.log.AvalonLogSystem
Sat Mar 08 09:06:13 EET 2014   [info] Using logger class org.apache.velocity.runtime.log.AvalonLogSystem
Sat Mar 08 09:06:13 EET 2014   [info] Default ResourceManager initializing. (class org.apache.velocity.runtime.resource.ResourceManagerImpl)
Sat Mar 08 09:06:13 EET 2014   [info] Resource Loader Instantiated: com.genuitec.eclipse.templates.internal.PluginResourceLoader
Sat Mar 08 09:06:13 EET 2014   [info] ResourceCache : initialized. (class org.apache.velocity.runtime.resource.ResourceCacheImpl)
Sat Mar 08 09:06:13 EET 2014   [info] Default ResourceManager initialization complete.
Sat Mar 08 09:06:13 EET 2014   [info] Loaded System Directive: org.apache.velocity.runtime.directive.Literal
Sat Mar 08 09:06:13 EET 2014   [info] Loaded System Directive: org.apache.velocity.runtime.directive.Macro
Sat Mar 08 09:06:13 EET 2014   [info] Loaded System Directive: org.apache.velocity.runtime.directive.Parse
Sat Mar 08 09:06:13 EET 2014   [info] Loaded System Directive: org.apache.velocity.runtime.directive.Include
Sat Mar 08 09:06:13 EET 2014   [info] Loaded System Directive: org.apache.velocity.runtime.directive.Foreach
Sat Mar 08 09:06:13 EET 2014   [info] Created: 20 parsers.
Sat Mar 08 09:06:13 EET 2014   [info] Velocimacro : initialization starting.
Sat Mar 08 09:06:13 EET 2014   [info] Velocimacro : adding VMs from VM library template : VM_global_library.vm
Sat Mar 08 09:06:13 EET 2014  [error] ResourceManager : unable to find resource 'VM_global_library.vm' in any resource loader.
Sat Mar 08 09:06:13 EET 2014   [info] Velocimacro : error using  VM library template VM_global_library.vm : org.apache.velocity.exception.ResourceNotFoundException: Unable to find resource 'VM_global_library.vm'
Sat Mar 08 09:06:13 EET 2014   [info] Velocimacro :  VM library template macro registration complete.
Sat Mar 08 09:06:13 EET 2014   [info] Velocimacro : allowInline = true : VMs can be defined inline in templates
Sat Mar 08 09:06:13 EET 2014   [info] Velocimacro : allowInlineToOverride = true : VMs defined inline may replace previous VM definitions
Sat Mar 08 09:06:13 EET 2014   [info] Velocimacro : allowInlineLocal = true : VMs defined inline will be local to their defining template only.
Sat Mar 08 09:06:13 EET 2014   [info] Velocimacro : messages on  : VM system will output logging messages
Sat Mar 08 09:06:13 EET 2014   [info] Velocimacro : autoload off  : VM system will not automatically reload global library macros
Sat Mar 08 09:06:13 EET 2014   [info] Velocimacro : initialization complete.
Sat Mar 08 09:06:13 EET 2014   [info] Velocity successfully started.
Sat Mar 08 09:06:13 EET 2014   [info] ResourceManager : found templates/web.xml.vm with loader com.genuitec.eclipse.templates.internal.PluginResourceLoader
Sat Mar 08 09:06:24 EET 2014   [info] ResourceManager : found /templates/velocity/welcome/Jsp.vtl with loader com.genuitec.eclipse.templates.internal.PluginResourceLoader
Sat Mar 08 09:09:32 EET 2014   [info] ResourceManager : found templates/ServiceImplementation.vm with loader com.genuitec.eclipse.templates.internal.PluginResourceLoader
Sat Mar 08 09:32:45 EET 2014   [info] ResourceManager : found templates/web.xml.vm with loader com.genuitec.eclipse.templates.internal.PluginResourceLoader
Sat Mar 08 09:32:45 EET 2014   [info] ResourceManager : found /templates/velocity/welcome/Jsp.vtl with loader com.genuitec.eclipse.templates.internal.PluginResourceLoader
Sat Mar 08 09:33:07 EET 2014   [info] ResourceManager : found templates/html/Html.vtl with loader com.genuitec.eclipse.templates.internal.PluginResourceLoader
Sat Mar 08 09:33:07 EET 2014   [info] ResourceManager : found templates/html/HTMLMetaTags.vtl with loader com.genuitec.eclipse.templates.internal.PluginResourceLoader
Sat Mar 08 09:43:50 EET 2014   [info] ResourceManager : found templates/html/Html.vtl with loader com.genuitec.eclipse.templates.internal.PluginResourceLoader
Sat Mar 08 09:43:50 EET 2014   [info] ResourceManager : found templates/html/HTMLMetaTags.vtl with loader com.genuitec.eclipse.templates.internal.PluginResourceLoader
Sat Mar 08 09:46:31 EET 2014   [info] ResourceManager : found templates/html/Html.vtl with loader com.genuitec.eclipse.templates.internal.PluginResourceLoader
Sat Mar 08 09:46:31 EET 2014   [info] ResourceManager : found templates/html/HTMLMetaTags.vtl with loader com.genuitec.eclipse.templates.internal.PluginResourceLoader
Sat Mar 08 09:49:41 EET 2014   [info] ResourceManager : found templates/web.xml.vm with loader com.genuitec.eclipse.templates.internal.PluginResourceLoader
Sat Mar 08 09:49:41 EET 2014   [info] ResourceManager : found /templates/velocity/welcome/Jsp.vtl with loader com.genuitec.eclipse.templates.internal.PluginResourceLoader
