2014-02-16 09:15:43,888 [Worker-7] INFO  o.e.m.c.i.l.LifecycleMappingFactory - Using org.maven.ide.eclipse.wtp.WarLifecycleMapping lifecycle mapping for MavenProject: jsf_maven:jsf_maven:0.0.1-SNAPSHOT @ D:\ileriJavaKasim2013\jsf\workspace\jsf_maven\pom.xml.
2014-02-16 09:15:48,748 [Worker-2] WARN  o.e.m.c.i.embedder.EclipseLogger - Using platform encoding (Cp1254 actually) to copy filtered resources, i.e. build is platform dependent!
2014-02-16 09:15:48,749 [Worker-2] INFO  o.e.m.c.i.embedder.EclipseLogger - skip non existing resourceDirectory D:\ileriJavaKasim2013\jsf\workspace\jsf_maven\src\main\resources
2014-02-16 09:15:48,752 [Worker-2] WARN  o.e.m.c.i.embedder.EclipseLogger - Using platform encoding (Cp1254 actually) to copy filtered resources, i.e. build is platform dependent!
2014-02-16 09:15:48,753 [Worker-2] INFO  o.e.m.c.i.embedder.EclipseLogger - skip non existing resourceDirectory D:\ileriJavaKasim2013\jsf\workspace\jsf_maven\src\test\resources
2014-02-16 09:15:48,779 [Worker-7] INFO  o.e.m.j.i.AbstractJavaProjectConfigurator - Adding source folder /jsf_maven/src
2014-02-16 09:15:48,781 [Worker-7] INFO  o.e.m.j.i.AbstractJavaProjectConfigurator - Not adding source folder /jsf_maven/src/test/java because it overlaps with /jsf_maven/src
2014-02-16 09:15:49,250 [Worker-7] INFO  o.e.m.c.i.p.ProjectConfigurationManager - Update started
2014-02-16 09:15:49,297 [Worker-7] INFO  o.e.m.c.i.l.LifecycleMappingFactory - Using org.maven.ide.eclipse.wtp.WarLifecycleMapping lifecycle mapping for MavenProject: jsf_maven:jsf_maven:0.0.1-SNAPSHOT @ D:\ileriJavaKasim2013\jsf\workspace\jsf_maven\pom.xml.
2014-02-16 09:15:49,466 [Worker-7] INFO  o.e.m.j.i.AbstractJavaProjectConfigurator - Adding source folder /jsf_maven/src
2014-02-16 09:15:49,466 [Worker-7] INFO  o.e.m.j.i.AbstractJavaProjectConfigurator - Not adding source folder /jsf_maven/src/test/java because it overlaps with /jsf_maven/src
2014-02-16 09:15:49,889 [Worker-4] INFO  o.e.m.c.i.l.LifecycleMappingFactory - Using org.maven.ide.eclipse.wtp.WarLifecycleMapping lifecycle mapping for MavenProject: jsf_maven:jsf_maven:0.0.1-SNAPSHOT @ D:\ileriJavaKasim2013\jsf\workspace\jsf_maven\pom.xml.
2014-02-16 09:15:49,962 [Worker-4] WARN  o.e.m.c.i.embedder.EclipseLogger - Using platform encoding (Cp1254 actually) to copy filtered resources, i.e. build is platform dependent!
2014-02-16 09:15:49,963 [Worker-4] INFO  o.e.m.c.i.embedder.EclipseLogger - skip non existing resourceDirectory D:\ileriJavaKasim2013\jsf\workspace\jsf_maven\src\main\resources
2014-02-16 09:15:49,965 [Worker-4] WARN  o.e.m.c.i.embedder.EclipseLogger - Using platform encoding (Cp1254 actually) to copy filtered resources, i.e. build is platform dependent!
2014-02-16 09:15:49,965 [Worker-4] INFO  o.e.m.c.i.embedder.EclipseLogger - skip non existing resourceDirectory D:\ileriJavaKasim2013\jsf\workspace\jsf_maven\src\test\resources
2014-02-16 09:15:49,966 [Worker-4] INFO  o.e.m.w.i.f.ResourceFilteringBuildParticipant - Changed resources require a complete clean of filtered resources of jsf_maven
2014-02-16 09:15:49,967 [Worker-4] INFO  o.e.m.w.i.f.ResourceFilteringBuildParticipant - Executing resource filtering for jsf_maven
2014-02-16 09:15:49,971 [Worker-4] WARN  o.e.m.c.i.embedder.EclipseLogger - The POM for org.apache.maven.plugins:maven-clean-plugin:jar:2.4.1 is missing, no dependency information available
2014-02-16 09:15:49,972 [Worker-4] WARN  o.e.m.c.i.embedder.EclipseLogger - Failed to retrieve plugin descriptor for org.apache.maven.plugins:maven-clean-plugin:2.4.1: Plugin org.apache.maven.plugins:maven-clean-plugin:2.4.1 or one of its dependencies could not be resolved: Failed to read artifact descriptor for org.apache.maven.plugins:maven-clean-plugin:jar:2.4.1
2014-02-16 09:15:49,973 [Worker-4] WARN  o.e.m.c.i.embedder.EclipseLogger - The POM for org.apache.maven.plugins:maven-install-plugin:jar:2.3.1 is missing, no dependency information available
2014-02-16 09:15:49,974 [Worker-4] WARN  o.e.m.c.i.embedder.EclipseLogger - Failed to retrieve plugin descriptor for org.apache.maven.plugins:maven-install-plugin:2.3.1: Plugin org.apache.maven.plugins:maven-install-plugin:2.3.1 or one of its dependencies could not be resolved: Failed to read artifact descriptor for org.apache.maven.plugins:maven-install-plugin:jar:2.3.1
2014-02-16 09:15:49,975 [Worker-4] WARN  o.e.m.c.i.embedder.EclipseLogger - The POM for org.apache.maven.plugins:maven-clean-plugin:jar:2.4.1 is missing, no dependency information available
2014-02-16 09:15:49,975 [Worker-4] WARN  o.e.m.c.i.embedder.EclipseLogger - Failed to retrieve plugin descriptor for org.apache.maven.plugins:maven-clean-plugin:2.4.1: Plugin org.apache.maven.plugins:maven-clean-plugin:2.4.1 or one of its dependencies could not be resolved: Failed to read artifact descriptor for org.apache.maven.plugins:maven-clean-plugin:jar:2.4.1
2014-02-16 09:15:49,976 [Worker-4] WARN  o.e.m.c.i.embedder.EclipseLogger - The POM for org.apache.maven.plugins:maven-install-plugin:jar:2.3.1 is missing, no dependency information available
2014-02-16 09:15:49,976 [Worker-4] WARN  o.e.m.c.i.embedder.EclipseLogger - Failed to retrieve plugin descriptor for org.apache.maven.plugins:maven-install-plugin:2.3.1: Plugin org.apache.maven.plugins:maven-install-plugin:2.3.1 or one of its dependencies could not be resolved: Failed to read artifact descriptor for org.apache.maven.plugins:maven-install-plugin:jar:2.3.1
2014-02-16 09:15:49,981 [Worker-4] WARN  o.e.m.c.i.embedder.EclipseLogger - Using platform encoding (Cp1254 actually) to copy filtered resources, i.e. build is platform dependent!
2014-02-16 09:15:50,004 [Worker-7] INFO  o.e.m.w.i.f.ResourceFilteringBuildParticipant - Cleaning filtered folder for jsf_maven
2014-02-16 09:15:50,072 [Worker-7] INFO  o.e.m.c.i.p.ProjectConfigurationManager - Update completed: 0 sec
2014-02-16 09:15:51,072 [Worker-1] WARN  o.e.m.c.i.embedder.EclipseLogger - Using platform encoding (Cp1254 actually) to copy filtered resources, i.e. build is platform dependent!
2014-02-16 09:15:51,072 [Worker-1] INFO  o.e.m.c.i.embedder.EclipseLogger - skip non existing resourceDirectory D:\ileriJavaKasim2013\jsf\workspace\jsf_maven\src\main\resources
2014-02-16 09:15:51,075 [Worker-1] WARN  o.e.m.c.i.embedder.EclipseLogger - Using platform encoding (Cp1254 actually) to copy filtered resources, i.e. build is platform dependent!
2014-02-16 09:15:51,076 [Worker-1] INFO  o.e.m.c.i.embedder.EclipseLogger - skip non existing resourceDirectory D:\ileriJavaKasim2013\jsf\workspace\jsf_maven\src\test\resources
2014-02-16 09:16:52,736 [main] INFO  o.e.m2e.actions.ExecutePomAction - Creating new launch configuration
2014-02-16 09:17:03,810 [Worker-7] INFO  o.e.m.i.launch.MavenLaunchDelegate - D:\ileriJavaKasim2013\jsf\workspace\jsf_maven
2014-02-16 09:17:03,811 [Worker-7] INFO  o.e.m.i.launch.MavenLaunchDelegate -  mvn  -B 
2014-02-16 09:17:04,185 [Worker-6] INFO  o.e.m.c.i.l.LifecycleMappingFactory - Using org.maven.ide.eclipse.wtp.WarLifecycleMapping lifecycle mapping for MavenProject: jsf_maven:jsf_maven:0.0.1-SNAPSHOT @ D:\ileriJavaKasim2013\jsf\workspace\jsf_maven\pom.xml.
2014-02-16 09:17:04,471 [Worker-6] INFO  c.n.h.c.p.n.NettyAsyncHttpProvider - Number of application's worked threads is 4
2014-02-16 09:17:04,808 [New I/O client worker #1-1] INFO  o.e.m.c.i.e.AbstractTransferListenerAdapter - Downloading http://repo.maven.apache.org/maven2/javax/faces/jsf-api/1.2/jsf-api-1.2.pom
2014-02-16 09:17:04,813 [New I/O client worker #1-1] INFO  o.e.m.c.i.e.AbstractTransferListenerAdapter - Downloaded http://repo.maven.apache.org/maven2/javax/faces/jsf-api/1.2/jsf-api-1.2.pom
2014-02-16 09:17:04,919 [Worker-6] INFO  c.n.h.c.p.n.NettyAsyncHttpProvider - Number of application's worked threads is 4
2014-02-16 09:17:05,043 [New I/O client worker #2-1] INFO  o.e.m.c.i.e.AbstractTransferListenerAdapter - Downloading http://repo.maven.apache.org/maven2/javax/faces/jsf-api/1.2/jsf-api-1.2.jar
2014-02-16 09:17:05,405 [New I/O client worker #2-1] INFO  o.e.m.c.i.e.AbstractTransferListenerAdapter - Downloaded http://repo.maven.apache.org/maven2/javax/faces/jsf-api/1.2/jsf-api-1.2.jar
2014-02-16 09:17:05,976 [Worker-6] WARN  o.e.m.c.i.embedder.EclipseLogger - Using platform encoding (Cp1254 actually) to copy filtered resources, i.e. build is platform dependent!
2014-02-16 09:17:05,977 [Worker-6] INFO  o.e.m.c.i.embedder.EclipseLogger - skip non existing resourceDirectory D:\ileriJavaKasim2013\jsf\workspace\jsf_maven\src\main\resources
2014-02-16 09:17:05,979 [Worker-6] WARN  o.e.m.c.i.embedder.EclipseLogger - Using platform encoding (Cp1254 actually) to copy filtered resources, i.e. build is platform dependent!
2014-02-16 09:17:05,980 [Worker-6] INFO  o.e.m.c.i.embedder.EclipseLogger - skip non existing resourceDirectory D:\ileriJavaKasim2013\jsf\workspace\jsf_maven\src\test\resources
2014-02-16 09:17:05,980 [Worker-6] INFO  o.e.m.w.i.f.ResourceFilteringBuildParticipant - Changed resources require a complete clean of filtered resources of jsf_maven
2014-02-16 09:17:05,980 [Worker-6] INFO  o.e.m.w.i.f.ResourceFilteringBuildParticipant - Executing resource filtering for jsf_maven
2014-02-16 09:17:05,982 [Worker-6] WARN  o.e.m.c.i.embedder.EclipseLogger - The POM for org.apache.maven.plugins:maven-clean-plugin:jar:2.4.1 is missing, no dependency information available
2014-02-16 09:17:05,983 [Worker-6] WARN  o.e.m.c.i.embedder.EclipseLogger - Failed to retrieve plugin descriptor for org.apache.maven.plugins:maven-clean-plugin:2.4.1: Plugin org.apache.maven.plugins:maven-clean-plugin:2.4.1 or one of its dependencies could not be resolved: Failed to read artifact descriptor for org.apache.maven.plugins:maven-clean-plugin:jar:2.4.1
2014-02-16 09:17:05,984 [Worker-6] WARN  o.e.m.c.i.embedder.EclipseLogger - The POM for org.apache.maven.plugins:maven-install-plugin:jar:2.3.1 is missing, no dependency information available
2014-02-16 09:17:05,985 [Worker-6] WARN  o.e.m.c.i.embedder.EclipseLogger - Failed to retrieve plugin descriptor for org.apache.maven.plugins:maven-install-plugin:2.3.1: Plugin org.apache.maven.plugins:maven-install-plugin:2.3.1 or one of its dependencies could not be resolved: Failed to read artifact descriptor for org.apache.maven.plugins:maven-install-plugin:jar:2.3.1
2014-02-16 09:17:05,986 [Worker-6] WARN  o.e.m.c.i.embedder.EclipseLogger - The POM for org.apache.maven.plugins:maven-clean-plugin:jar:2.4.1 is missing, no dependency information available
2014-02-16 09:17:05,987 [Worker-6] WARN  o.e.m.c.i.embedder.EclipseLogger - Failed to retrieve plugin descriptor for org.apache.maven.plugins:maven-clean-plugin:2.4.1: Plugin org.apache.maven.plugins:maven-clean-plugin:2.4.1 or one of its dependencies could not be resolved: Failed to read artifact descriptor for org.apache.maven.plugins:maven-clean-plugin:jar:2.4.1
2014-02-16 09:17:05,988 [Worker-6] WARN  o.e.m.c.i.embedder.EclipseLogger - The POM for org.apache.maven.plugins:maven-install-plugin:jar:2.3.1 is missing, no dependency information available
2014-02-16 09:17:05,989 [Worker-6] WARN  o.e.m.c.i.embedder.EclipseLogger - Failed to retrieve plugin descriptor for org.apache.maven.plugins:maven-install-plugin:2.3.1: Plugin org.apache.maven.plugins:maven-install-plugin:2.3.1 or one of its dependencies could not be resolved: Failed to read artifact descriptor for org.apache.maven.plugins:maven-install-plugin:jar:2.3.1
2014-02-16 09:17:05,993 [Worker-6] WARN  o.e.m.c.i.embedder.EclipseLogger - Using platform encoding (Cp1254 actually) to copy filtered resources, i.e. build is platform dependent!
2014-02-16 09:17:17,591 [Worker-3] INFO  o.e.m.i.launch.MavenLaunchDelegate - D:\ileriJavaKasim2013\jsf\workspace\jsf_maven
2014-02-16 09:17:17,591 [Worker-3] INFO  o.e.m.i.launch.MavenLaunchDelegate -  mvn  -B install
2014-02-16 09:17:31,224 [Worker-7] WARN  o.e.m.c.i.embedder.EclipseLogger - Using platform encoding (Cp1254 actually) to copy filtered resources, i.e. build is platform dependent!
2014-02-16 09:17:31,225 [Worker-7] INFO  o.e.m.c.i.embedder.EclipseLogger - skip non existing resourceDirectory D:\ileriJavaKasim2013\jsf\workspace\jsf_maven\src\main\resources
2014-02-16 09:17:31,226 [Worker-7] WARN  o.e.m.c.i.embedder.EclipseLogger - Using platform encoding (Cp1254 actually) to copy filtered resources, i.e. build is platform dependent!
2014-02-16 09:17:31,227 [Worker-7] INFO  o.e.m.c.i.embedder.EclipseLogger - skip non existing resourceDirectory D:\ileriJavaKasim2013\jsf\workspace\jsf_maven\src\test\resources
2014-02-16 09:21:32,226 [Worker-0] INFO  o.e.m.c.i.l.LifecycleMappingFactory - Using org.maven.ide.eclipse.wtp.WarLifecycleMapping lifecycle mapping for MavenProject: jsf_maven:jsf_maven:0.0.1-SNAPSHOT @ D:\ileriJavaKasim2013\jsf\workspace\jsf_maven\pom.xml.
2014-02-16 09:21:32,229 [Worker-0] INFO  c.n.h.c.p.n.NettyAsyncHttpProvider - Number of application's worked threads is 4
2014-02-16 09:21:32,354 [New I/O client worker #3-1] INFO  o.e.m.c.i.e.AbstractTransferListenerAdapter - Downloading http://repo.maven.apache.org/maven2/javax/faces/jsf-api/2.1/jsf-api-2.1.pom
2014-02-16 09:21:32,356 [New I/O client worker #3-1] INFO  o.e.m.c.i.e.AbstractTransferListenerAdapter - Downloaded http://repo.maven.apache.org/maven2/javax/faces/jsf-api/2.1/jsf-api-2.1.pom
2014-02-16 09:21:32,435 [Worker-0] INFO  c.n.h.c.p.n.NettyAsyncHttpProvider - Number of application's worked threads is 4
2014-02-16 09:21:32,555 [New I/O client worker #4-1] INFO  o.e.m.c.i.e.AbstractTransferListenerAdapter - Downloading http://repo.maven.apache.org/maven2/javax/faces/jsf-api/2.1/jsf-api-2.1.jar
2014-02-16 09:21:32,893 [New I/O client worker #4-1] INFO  o.e.m.c.i.e.AbstractTransferListenerAdapter - Downloaded http://repo.maven.apache.org/maven2/javax/faces/jsf-api/2.1/jsf-api-2.1.jar
2014-02-16 09:21:33,175 [Worker-0] WARN  o.e.m.c.i.embedder.EclipseLogger - Using platform encoding (Cp1254 actually) to copy filtered resources, i.e. build is platform dependent!
2014-02-16 09:21:33,176 [Worker-0] INFO  o.e.m.c.i.embedder.EclipseLogger - skip non existing resourceDirectory D:\ileriJavaKasim2013\jsf\workspace\jsf_maven\src\main\resources
2014-02-16 09:21:33,178 [Worker-0] WARN  o.e.m.c.i.embedder.EclipseLogger - Using platform encoding (Cp1254 actually) to copy filtered resources, i.e. build is platform dependent!
2014-02-16 09:21:33,179 [Worker-0] INFO  o.e.m.c.i.embedder.EclipseLogger - skip non existing resourceDirectory D:\ileriJavaKasim2013\jsf\workspace\jsf_maven\src\test\resources
2014-02-16 09:21:33,179 [Worker-0] INFO  o.e.m.w.i.f.ResourceFilteringBuildParticipant - Changed resources require a complete clean of filtered resources of jsf_maven
2014-02-16 09:21:33,179 [Worker-0] INFO  o.e.m.w.i.f.ResourceFilteringBuildParticipant - Executing resource filtering for jsf_maven
2014-02-16 09:21:33,181 [Worker-0] WARN  o.e.m.c.i.embedder.EclipseLogger - The POM for org.apache.maven.plugins:maven-clean-plugin:jar:2.4.1 is missing, no dependency information available
2014-02-16 09:21:33,182 [Worker-0] WARN  o.e.m.c.i.embedder.EclipseLogger - Failed to retrieve plugin descriptor for org.apache.maven.plugins:maven-clean-plugin:2.4.1: Plugin org.apache.maven.plugins:maven-clean-plugin:2.4.1 or one of its dependencies could not be resolved: Failed to read artifact descriptor for org.apache.maven.plugins:maven-clean-plugin:jar:2.4.1
2014-02-16 09:21:33,283 [Worker-0] WARN  o.e.m.c.i.embedder.EclipseLogger - The POM for org.apache.maven.plugins:maven-clean-plugin:jar:2.4.1 is missing, no dependency information available
2014-02-16 09:21:33,284 [Worker-0] WARN  o.e.m.c.i.embedder.EclipseLogger - Failed to retrieve plugin descriptor for org.apache.maven.plugins:maven-clean-plugin:2.4.1: Plugin org.apache.maven.plugins:maven-clean-plugin:2.4.1 or one of its dependencies could not be resolved: Failed to read artifact descriptor for org.apache.maven.plugins:maven-clean-plugin:jar:2.4.1
2014-02-16 09:21:33,306 [Worker-0] WARN  o.e.m.c.i.embedder.EclipseLogger - Using platform encoding (Cp1254 actually) to copy filtered resources, i.e. build is platform dependent!
2014-02-16 09:23:19,650 [Worker-6] INFO  o.e.m.i.launch.MavenLaunchDelegate - D:\ileriJavaKasim2013\jsf\workspace\jsf_maven
2014-02-16 09:23:19,650 [Worker-6] INFO  o.e.m.i.launch.MavenLaunchDelegate -  mvn  -B install
2014-02-16 09:23:29,631 [Worker-6] WARN  o.e.m.c.i.embedder.EclipseLogger - Using platform encoding (Cp1254 actually) to copy filtered resources, i.e. build is platform dependent!
2014-02-16 09:23:29,632 [Worker-6] INFO  o.e.m.c.i.embedder.EclipseLogger - skip non existing resourceDirectory D:\ileriJavaKasim2013\jsf\workspace\jsf_maven\src\main\resources
2014-02-16 09:23:29,634 [Worker-6] WARN  o.e.m.c.i.embedder.EclipseLogger - Using platform encoding (Cp1254 actually) to copy filtered resources, i.e. build is platform dependent!
2014-02-16 09:23:29,634 [Worker-6] INFO  o.e.m.c.i.embedder.EclipseLogger - skip non existing resourceDirectory D:\ileriJavaKasim2013\jsf\workspace\jsf_maven\src\test\resources
2014-02-16 12:41:34,716 [Worker-2] WARN  o.e.m.c.i.embedder.EclipseLogger - Using platform encoding (Cp1254 actually) to copy filtered resources, i.e. build is platform dependent!
2014-02-16 12:41:34,825 [Worker-2] INFO  o.e.m.c.i.embedder.EclipseLogger - skip non existing resourceDirectory D:\ileriJavaKasim2013\jsf\workspace\jsf_maven\src\main\resources
2014-02-16 12:41:34,825 [Worker-2] WARN  o.e.m.c.i.embedder.EclipseLogger - Using platform encoding (Cp1254 actually) to copy filtered resources, i.e. build is platform dependent!
2014-02-16 12:41:34,825 [Worker-2] INFO  o.e.m.c.i.embedder.EclipseLogger - skip non existing resourceDirectory D:\ileriJavaKasim2013\jsf\workspace\jsf_maven\src\test\resources
